Internal Server Error: /p1/project
Traceback (most recent call last):
  File "C:\Users\HP-PC\Desktop\Project\project2\venv\Lib\site-packages\django\core\handlers\exception.py", line 55, in inner
    response = get_response(request)
               ^^^^^^^^^^^^^^^^^^^^^
  File "C:\Users\HP-PC\Desktop\Project\project2\venv\Lib\site-packages\django\utils\deprecation.py", line 136, in __call__
    response = self.process_response(request, response)
               ^^^^^^^^^^^^^^^^^^^^^^^^^^^^^^^^^^^^^^^^
  File "C:\Users\HP-PC\Desktop\Project\project2\venv\Lib\site-packages\django\middleware\common.py", line 108, in process_response
    return self.response_redirect_class(self.get_full_path_with_slash(request))
                                        ^^^^^^^^^^^^^^^^^^^^^^^^^^^^^^^^^^^^^^
  File "C:\Users\HP-PC\Desktop\Project\project2\venv\Lib\site-packages\django\middleware\common.py", line 87, in get_full_path_with_slash
    raise RuntimeError(
RuntimeError: You called this URL via PUT, but the URL doesn't end in a slash and you have APPEND_SLASH set. Django can't redirect to the slash URL while maintaining PUT data. Change your form to point to localhost:8000/p1/project/?pk=1 (note the trailing slash), or set APPEND_SLASH=False in your Django settings.
"PUT /p1/project?pk=1 HTTP/1.1" 500 71293
Watching for file changes with StatReloader
C:\Users\HP-PC\Desktop\Project\project2\project\auth_app\admin.py changed, reloading.
Watching for file changes with StatReloader
C:\Users\HP-PC\Desktop\Project\project2\project\auth_app\admin.py changed, reloading.
Watching for file changes with StatReloader
C:\Users\HP-PC\Desktop\Project\project2\project\auth_app\admin.py changed, reloading.
Watching for file changes with StatReloader
C:\Users\HP-PC\Desktop\Project\project2\project\auth_app\admin.py changed, reloading.
Watching for file changes with StatReloader
C:\Users\HP-PC\Desktop\Project\project2\project\auth_app\admin.py changed, reloading.
Watching for file changes with StatReloader
C:\Users\HP-PC\Desktop\Project\project2\project\auth_app\admin.py changed, reloading.
Watching for file changes with StatReloader
C:\Users\HP-PC\Desktop\Project\project2\project\auth_app\admin.py changed, reloading.
Watching for file changes with StatReloader
C:\Users\HP-PC\Desktop\Project\project2\project\auth_app\admin.py changed, reloading.
Watching for file changes with StatReloader
C:\Users\HP-PC\Desktop\Project\project2\project\auth_app\admin.py changed, reloading.
Watching for file changes with StatReloader
C:\Users\HP-PC\Desktop\Project\project2\project\auth_app\admin.py changed, reloading.
Watching for file changes with StatReloader
C:\Users\HP-PC\Desktop\Project\project2\project\auth_app\admin.py changed, reloading.
Watching for file changes with StatReloader
C:\Users\HP-PC\Desktop\Project\project2\project\auth_app\admin.py changed, reloading.
Watching for file changes with StatReloader
C:\Users\HP-PC\Desktop\Project\project2\project\auth_app\admin.py changed, reloading.
Watching for file changes with StatReloader
C:\Users\HP-PC\Desktop\Project\project2\project\auth_app\admin.py changed, reloading.
Watching for file changes with StatReloader
C:\Users\HP-PC\Desktop\Project\project2\project\auth_app\admin.py changed, reloading.
Watching for file changes with StatReloader
C:\Users\HP-PC\Desktop\Project\project2\project\auth_app\admin.py changed, reloading.
Watching for file changes with StatReloader
C:\Users\HP-PC\Desktop\Project\project2\project\auth_app\admin.py changed, reloading.
Watching for file changes with StatReloader
C:\Users\HP-PC\Desktop\Project\project2\project\auth_app\admin.py changed, reloading.
Watching for file changes with StatReloader
C:\Users\HP-PC\Desktop\Project\project2\project\auth_app\admin.py changed, reloading.
Watching for file changes with StatReloader
C:\Users\HP-PC\Desktop\Project\project2\project\auth_app\admin.py changed, reloading.
Watching for file changes with StatReloader
C:\Users\HP-PC\Desktop\Project\project2\project\auth_app\admin.py changed, reloading.
Watching for file changes with StatReloader
C:\Users\HP-PC\Desktop\Project\project2\project\auth_app\admin.py changed, reloading.
Watching for file changes with StatReloader
C:\Users\HP-PC\Desktop\Project\project2\project\auth_app\admin.py changed, reloading.
Watching for file changes with StatReloader
Not Found: /
"GET / HTTP/1.1" 404 2481
"GET /admin/ HTTP/1.1" 302 0
"GET /admin/login/?next=/admin/ HTTP/1.1" 200 4181
"GET /static/admin/css/base.css HTTP/1.1" 304 0
"GET /static/admin/css/dark_mode.css HTTP/1.1" 304 0
"GET /static/admin/css/nav_sidebar.css HTTP/1.1" 304 0
"GET /static/admin/css/login.css HTTP/1.1" 304 0
"GET /static/admin/css/responsive.css HTTP/1.1" 304 0
"GET /static/admin/js/theme.js HTTP/1.1" 304 0
"GET /static/admin/js/nav_sidebar.js HTTP/1.1" 304 0
"POST /admin/login/?next=/admin/ HTTP/1.1" 200 4342
"POST /admin/login/?next=/admin/ HTTP/1.1" 200 4344
Watching for file changes with StatReloader
Not Found: /
"GET / HTTP/1.1" 404 2481
Not Found: /favicon.ico
"GET /favicon.ico HTTP/1.1" 404 2532
"GET /admin/ HTTP/1.1" 302 0
"GET /admin/login/?next=/admin/ HTTP/1.1" 200 4181
"POST /admin/login/?next=/admin/ HTTP/1.1" 200 4342
Not Found: /
"GET / HTTP/1.1" 404 2481
Not Found: /favicon.ico
"GET /favicon.ico HTTP/1.1" 404 2532
"GET /admin/ HTTP/1.1" 302 0
"GET /admin/login/?next=/admin/ HTTP/1.1" 200 4181
"POST /admin/login/?next=/admin/ HTTP/1.1" 200 4341
"POST /admin/login/?next=/admin/ HTTP/1.1" 200 4342
Watching for file changes with StatReloader
Not Found: /
"GET / HTTP/1.1" 404 2481
Not Found: /favicon.ico
"GET /favicon.ico HTTP/1.1" 404 2532
"GET /admin/ HTTP/1.1" 302 0
"GET /admin/login/?next=/admin/ HTTP/1.1" 200 4181
"POST /admin/login/?next=/admin/ HTTP/1.1" 302 0
"GET /admin/ HTTP/1.1" 200 5806
"GET /static/admin/css/dashboard.css HTTP/1.1" 304 0
"GET /static/admin/img/icon-changelink.svg HTTP/1.1" 304 0
"GET /static/admin/img/icon-addlink.svg HTTP/1.1" 304 0
"GET /admin/auth_app/user/ HTTP/1.1" 200 9968
"GET /admin/jsi18n/ HTTP/1.1" 200 3343
"GET /static/admin/css/changelists.css HTTP/1.1" 200 6566
"GET /static/admin/js/jquery.init.js HTTP/1.1" 200 347
"GET /static/admin/js/urlify.js HTTP/1.1" 200 7887
"GET /static/admin/js/actions.js HTTP/1.1" 200 7872
"GET /static/admin/js/core.js HTTP/1.1" 200 5682
"GET /static/admin/js/prepopulate.js HTTP/1.1" 200 1531
"GET /static/admin/js/admin/RelatedObjectLookups.js HTTP/1.1" 200 8943
"GET /static/admin/js/vendor/xregexp/xregexp.js HTTP/1.1" 200 232381
"GET /static/admin/js/vendor/jquery/jquery.js HTTP/1.1" 200 292458
"GET /static/admin/js/filters.js HTTP/1.1" 200 978
"GET /static/admin/img/tooltag-add.svg HTTP/1.1" 200 331
C:\Users\HP-PC\Desktop\Project\project2\project\curd_app\views.py changed, reloading.
Watching for file changes with StatReloader
C:\Users\HP-PC\Desktop\Project\project2\project\curd_app\views.py changed, reloading.
Watching for file changes with StatReloader
C:\Users\HP-PC\Desktop\Project\project2\project\curd_app\views.py changed, reloading.
Watching for file changes with StatReloader
C:\Users\HP-PC\Desktop\Project\project2\project\curd_app\views.py changed, reloading.
Watching for file changes with StatReloader
C:\Users\HP-PC\Desktop\Project\project2\project\curd_app\views.py changed, reloading.
Watching for file changes with StatReloader
C:\Users\HP-PC\Desktop\Project\project2\project\curd_app\views.py changed, reloading.
Watching for file changes with StatReloader
C:\Users\HP-PC\Desktop\Project\project2\project\curd_app\views.py changed, reloading.
Watching for file changes with StatReloader
C:\Users\HP-PC\Desktop\Project\project2\project\curd_app\views.py changed, reloading.
Watching for file changes with StatReloader
C:\Users\HP-PC\Desktop\Project\project2\project\curd_app\views.py changed, reloading.
Watching for file changes with StatReloader
C:\Users\HP-PC\Desktop\Project\project2\project\curd_app\views.py changed, reloading.
Watching for file changes with StatReloader
C:\Users\HP-PC\Desktop\Project\project2\project\curd_app\views.py changed, reloading.
Watching for file changes with StatReloader
C:\Users\HP-PC\Desktop\Project\project2\project\curd_app\views.py changed, reloading.
Watching for file changes with StatReloader
C:\Users\HP-PC\Desktop\Project\project2\project\curd_app\views.py changed, reloading.
Watching for file changes with StatReloader
C:\Users\HP-PC\Desktop\Project\project2\project\curd_app\views.py changed, reloading.
Watching for file changes with StatReloader
C:\Users\HP-PC\Desktop\Project\project2\project\curd_app\views.py changed, reloading.
Watching for file changes with StatReloader
C:\Users\HP-PC\Desktop\Project\project2\project\curd_app\views.py changed, reloading.
Watching for file changes with StatReloader
C:\Users\HP-PC\Desktop\Project\project2\project\curd_app\views.py changed, reloading.
Watching for file changes with StatReloader
C:\Users\HP-PC\Desktop\Project\project2\project\curd_app\views.py changed, reloading.
Watching for file changes with StatReloader
C:\Users\HP-PC\Desktop\Project\project2\project\curd_app\views.py changed, reloading.
Watching for file changes with StatReloader
C:\Users\HP-PC\Desktop\Project\project2\project\curd_app\views.py changed, reloading.
Watching for file changes with StatReloader
C:\Users\HP-PC\Desktop\Project\project2\project\curd_app\views.py changed, reloading.
Watching for file changes with StatReloader
C:\Users\HP-PC\Desktop\Project\project2\project\curd_app\views.py changed, reloading.
Watching for file changes with StatReloader
C:\Users\HP-PC\Desktop\Project\project2\project\curd_app\views.py changed, reloading.
Watching for file changes with StatReloader
C:\Users\HP-PC\Desktop\Project\project2\project\curd_app\views.py changed, reloading.
Watching for file changes with StatReloader
C:\Users\HP-PC\Desktop\Project\project2\project\curd_app\views.py changed, reloading.
Watching for file changes with StatReloader
C:\Users\HP-PC\Desktop\Project\project2\project\curd_app\views.py changed, reloading.
Watching for file changes with StatReloader
C:\Users\HP-PC\Desktop\Project\project2\project\curd_app\views.py changed, reloading.
Watching for file changes with StatReloader
C:\Users\HP-PC\Desktop\Project\project2\project\curd_app\views.py changed, reloading.
Watching for file changes with StatReloader
C:\Users\HP-PC\Desktop\Project\project2\project\curd_app\views.py changed, reloading.
Watching for file changes with StatReloader
C:\Users\HP-PC\Desktop\Project\project2\project\curd_app\views.py changed, reloading.
Watching for file changes with StatReloader
C:\Users\HP-PC\Desktop\Project\project2\project\curd_app\views.py changed, reloading.
Watching for file changes with StatReloader
C:\Users\HP-PC\Desktop\Project\project2\project\curd_app\views.py changed, reloading.
Watching for file changes with StatReloader
C:\Users\HP-PC\Desktop\Project\project2\project\curd_app\views.py changed, reloading.
Watching for file changes with StatReloader
C:\Users\HP-PC\Desktop\Project\project2\project\curd_app\views.py changed, reloading.
Watching for file changes with StatReloader
C:\Users\HP-PC\Desktop\Project\project2\project\curd_app\views.py changed, reloading.
Watching for file changes with StatReloader
C:\Users\HP-PC\Desktop\Project\project2\project\curd_app\views.py changed, reloading.
Watching for file changes with StatReloader
C:\Users\HP-PC\Desktop\Project\project2\project\curd_app\views.py changed, reloading.
Watching for file changes with StatReloader
C:\Users\HP-PC\Desktop\Project\project2\project\curd_app\views.py changed, reloading.
Watching for file changes with StatReloader
C:\Users\HP-PC\Desktop\Project\project2\project\curd_app\views.py changed, reloading.
Watching for file changes with StatReloader
C:\Users\HP-PC\Desktop\Project\project2\project\curd_app\views.py changed, reloading.
Watching for file changes with StatReloader
C:\Users\HP-PC\Desktop\Project\project2\project\curd_app\views.py changed, reloading.
Watching for file changes with StatReloader
C:\Users\HP-PC\Desktop\Project\project2\project\curd_app\views.py changed, reloading.
Watching for file changes with StatReloader
C:\Users\HP-PC\Desktop\Project\project2\project\curd_app\views.py changed, reloading.
Watching for file changes with StatReloader
C:\Users\HP-PC\Desktop\Project\project2\project\curd_app\views.py changed, reloading.
Watching for file changes with StatReloader
C:\Users\HP-PC\Desktop\Project\project2\project\curd_app\views.py changed, reloading.
Watching for file changes with StatReloader
C:\Users\HP-PC\Desktop\Project\project2\project\curd_app\views.py changed, reloading.
Watching for file changes with StatReloader
C:\Users\HP-PC\Desktop\Project\project2\project\curd_app\views.py changed, reloading.
Watching for file changes with StatReloader
C:\Users\HP-PC\Desktop\Project\project2\project\curd_app\views.py changed, reloading.
Watching for file changes with StatReloader
C:\Users\HP-PC\Desktop\Project\project2\project\curd_app\views.py changed, reloading.
Watching for file changes with StatReloader
Not Found: /p1/project/1
"PUT /p1/project/1 HTTP/1.1" 404 2763
Project created successfully
"POST /p1/project/ HTTP/1.1" 201 208
Not Found: /p1/1/
"GET /p1/1/ HTTP/1.1" 404 2742
Not Found: /p1/project/1/
"GET /p1/project/1/ HTTP/1.1" 404 2766
C:\Users\HP-PC\Desktop\Project\project2\project\curd_app\admin.py changed, reloading.
Watching for file changes with StatReloader
C:\Users\HP-PC\Desktop\Project\project2\project\curd_app\admin.py changed, reloading.
Watching for file changes with StatReloader
C:\Users\HP-PC\Desktop\Project\project2\project\curd_app\admin.py changed, reloading.
Watching for file changes with StatReloader
C:\Users\HP-PC\Desktop\Project\project2\project\curd_app\admin.py changed, reloading.
Watching for file changes with StatReloader
C:\Users\HP-PC\Desktop\Project\project2\project\curd_app\admin.py changed, reloading.
Watching for file changes with StatReloader
C:\Users\HP-PC\Desktop\Project\project2\project\curd_app\admin.py changed, reloading.
Watching for file changes with StatReloader
C:\Users\HP-PC\Desktop\Project\project2\project\curd_app\admin.py changed, reloading.
Watching for file changes with StatReloader
C:\Users\HP-PC\Desktop\Project\project2\project\curd_app\admin.py changed, reloading.
Watching for file changes with StatReloader
C:\Users\HP-PC\Desktop\Project\project2\project\curd_app\admin.py changed, reloading.
Watching for file changes with StatReloader
C:\Users\HP-PC\Desktop\Project\project2\project\curd_app\admin.py changed, reloading.
Watching for file changes with StatReloader
C:\Users\HP-PC\Desktop\Project\project2\project\curd_app\admin.py changed, reloading.
Watching for file changes with StatReloader
C:\Users\HP-PC\Desktop\Project\project2\project\curd_app\admin.py changed, reloading.
Watching for file changes with StatReloader
C:\Users\HP-PC\Desktop\Project\project2\project\curd_app\admin.py changed, reloading.
Watching for file changes with StatReloader
C:\Users\HP-PC\Desktop\Project\project2\project\curd_app\admin.py changed, reloading.
Watching for file changes with StatReloader
C:\Users\HP-PC\Desktop\Project\project2\project\curd_app\admin.py changed, reloading.
Watching for file changes with StatReloader
C:\Users\HP-PC\Desktop\Project\project2\project\curd_app\admin.py changed, reloading.
Watching for file changes with StatReloader
C:\Users\HP-PC\Desktop\Project\project2\project\curd_app\admin.py changed, reloading.
Watching for file changes with StatReloader
C:\Users\HP-PC\Desktop\Project\project2\project\curd_app\admin.py changed, reloading.
Watching for file changes with StatReloader
C:\Users\HP-PC\Desktop\Project\project2\project\curd_app\admin.py changed, reloading.
Watching for file changes with StatReloader
C:\Users\HP-PC\Desktop\Project\project2\project\curd_app\admin.py changed, reloading.
Watching for file changes with StatReloader
C:\Users\HP-PC\Desktop\Project\project2\project\curd_app\admin.py changed, reloading.
Watching for file changes with StatReloader
C:\Users\HP-PC\Desktop\Project\project2\project\curd_app\admin.py changed, reloading.
Watching for file changes with StatReloader
C:\Users\HP-PC\Desktop\Project\project2\project\curd_app\admin.py changed, reloading.
Watching for file changes with StatReloader
C:\Users\HP-PC\Desktop\Project\project2\project\curd_app\admin.py changed, reloading.
Watching for file changes with StatReloader
C:\Users\HP-PC\Desktop\Project\project2\project\curd_app\admin.py changed, reloading.
Watching for file changes with StatReloader
C:\Users\HP-PC\Desktop\Project\project2\project\curd_app\admin.py changed, reloading.
Watching for file changes with StatReloader
C:\Users\HP-PC\Desktop\Project\project2\project\curd_app\admin.py changed, reloading.
Watching for file changes with StatReloader
C:\Users\HP-PC\Desktop\Project\project2\project\curd_app\admin.py changed, reloading.
Watching for file changes with StatReloader
C:\Users\HP-PC\Desktop\Project\project2\project\curd_app\admin.py changed, reloading.
Watching for file changes with StatReloader
C:\Users\HP-PC\Desktop\Project\project2\project\curd_app\admin.py changed, reloading.
Watching for file changes with StatReloader
C:\Users\HP-PC\Desktop\Project\project2\project\curd_app\admin.py changed, reloading.
Watching for file changes with StatReloader
C:\Users\HP-PC\Desktop\Project\project2\project\curd_app\admin.py changed, reloading.
Watching for file changes with StatReloader
C:\Users\HP-PC\Desktop\Project\project2\project\curd_app\admin.py changed, reloading.
Watching for file changes with StatReloader
C:\Users\HP-PC\Desktop\Project\project2\project\curd_app\admin.py changed, reloading.
Watching for file changes with StatReloader
C:\Users\HP-PC\Desktop\Project\project2\project\curd_app\admin.py changed, reloading.
Watching for file changes with StatReloader
C:\Users\HP-PC\Desktop\Project\project2\project\curd_app\urls.py changed, reloading.
Watching for file changes with StatReloader
C:\Users\HP-PC\Desktop\Project\project2\project\curd_app\urls.py changed, reloading.
Watching for file changes with StatReloader
Project record fetched
"GET /p1/project/1/ HTTP/1.1" 200 208
